[11-Jan-2026 10:04:24 Europe/Berlin] Uncaught Exception: The number of variables must match the number of parameters in the prepared statement in C:\xampp\htdocs\DoE_Genesis\DoeEdu\genesis\learner\pages\homew.php on line 77
[11-Jan-2026 10:04:24 Europe/Berlin] Error [2]: Cannot modify header information - headers already sent by (output started at C:\xampp\htdocs\DoE_Genesis\DoeEdu\genesis\learner\partials\header.php:150) in C:\xampp\htdocs\DoE_Genesis\DoeEdu\genesis\common\config.php on line 24
[11-Jan-2026 10:04:24 Europe/Berlin] PHP Warning:  Cannot modify header information - headers already sent by (output started at C:\xampp\htdocs\DoE_Genesis\DoeEdu\genesis\learner\partials\header.php:150) in C:\xampp\htdocs\DoE_Genesis\DoeEdu\genesis\common\config.php on line 31
[28-Jan-2026 11:15:45 Europe/Berlin] Error [2]: Undefined variable $results in C:\xampp\htdocs\DoE_Genesis\DoeEdu\genesis\tutor\pages\classes.php on line 449
[28-Jan-2026 11:15:45 Europe/Berlin] PHP Warning:  Cannot modify header information - headers already sent by (output started at C:\xampp\htdocs\DoE_Genesis\DoeEdu\genesis\tutor\pages\classes.php:109) in C:\xampp\htdocs\DoE_Genesis\DoeEdu\genesis\common\config.php on line 31
[15-Mar-2026 15:12:26 Europe/Berlin] Error [2]: Undefined array key "contact" in C:\xampp\htdocs\DoE_Genesis\DoeEdu\genesis\admin\pages\manage_inviterequests.php on line 82
[15-Mar-2026 15:12:26 Europe/Berlin] PHP Warning:  Cannot modify header information - headers already sent by (output started at C:\xampp\htdocs\DoE_Genesis\DoeEdu\genesis\admin\partials\header.php:83) in C:\xampp\htdocs\DoE_Genesis\DoeEdu\genesis\common\config.php on line 31
[15-Mar-2026 16:25:57 Europe/Berlin] Error [2]: Undefined variable $onlineCategory in C:\xampp\htdocs\DoE_Genesis\DoeEdu\genesis\tutor\pages\file.php on line 657
[15-Mar-2026 16:25:57 Europe/Berlin] PHP Warning:  Cannot modify header information - headers already sent by (output started at C:\xampp\htdocs\DoE_Genesis\DoeEdu\genesis\tutor\partials\header.php:49) in C:\xampp\htdocs\DoE_Genesis\DoeEdu\genesis\common\config.php on line 31
[15-Mar-2026 16:28:30 Europe/Berlin] Error [2]: Undefined variable $activitiesOverallPercent in C:\xampp\htdocs\DoE_Genesis\DoeEdu\genesis\tutor\pages\file.php on line 559
[15-Mar-2026 16:28:30 Europe/Berlin] PHP Warning:  Cannot modify header information - headers already sent by (output started at C:\xampp\htdocs\DoE_Genesis\DoeEdu\genesis\tutor\partials\header.php:49) in C:\xampp\htdocs\DoE_Genesis\DoeEdu\genesis\common\config.php on line 31
[15-Mar-2026 16:29:55 Europe/Berlin] Error [2]: Undefined variable $activitiesOverallPercent in C:\xampp\htdocs\DoE_Genesis\DoeEdu\genesis\tutor\pages\file.php on line 607
[15-Mar-2026 16:29:55 Europe/Berlin] PHP Warning:  Cannot modify header information - headers already sent by (output started at C:\xampp\htdocs\DoE_Genesis\DoeEdu\genesis\tutor\partials\header.php:49) in C:\xampp\htdocs\DoE_Genesis\DoeEdu\genesis\common\config.php on line 31
[15-Mar-2026 16:30:38 Europe/Berlin] Error [2]: Undefined variable $total_max in C:\xampp\htdocs\DoE_Genesis\DoeEdu\genesis\tutor\pages\file.php on line 585
[15-Mar-2026 16:30:38 Europe/Berlin] PHP Warning:  Cannot modify header information - headers already sent by (output started at C:\xampp\htdocs\DoE_Genesis\DoeEdu\genesis\tutor\partials\header.php:49) in C:\xampp\htdocs\DoE_Genesis\DoeEdu\genesis\common\config.php on line 31
[15-Mar-2026 16:30:42 Europe/Berlin] Error [2]: Undefined variable $total_max in C:\xampp\htdocs\DoE_Genesis\DoeEdu\genesis\tutor\pages\file.php on line 585
[15-Mar-2026 16:30:42 Europe/Berlin] PHP Warning:  Cannot modify header information - headers already sent by (output started at C:\xampp\htdocs\DoE_Genesis\DoeEdu\genesis\tutor\partials\header.php:49) in C:\xampp\htdocs\DoE_Genesis\DoeEdu\genesis\common\config.php on line 31
[15-Mar-2026 16:31:12 Europe/Berlin] Error [2]: Undefined variable $total_max in C:\xampp\htdocs\DoE_Genesis\DoeEdu\genesis\tutor\pages\file.php on line 585
[15-Mar-2026 16:31:12 Europe/Berlin] PHP Warning:  Cannot modify header information - headers already sent by (output started at C:\xampp\htdocs\DoE_Genesis\DoeEdu\genesis\tutor\partials\header.php:49) in C:\xampp\htdocs\DoE_Genesis\DoeEdu\genesis\common\config.php on line 31
[15-Mar-2026 16:31:34 Europe/Berlin] Error [2]: Undefined variable $activitiesOverallPercent in C:\xampp\htdocs\DoE_Genesis\DoeEdu\genesis\tutor\pages\file.php on line 607
[15-Mar-2026 16:31:34 Europe/Berlin] PHP Warning:  Cannot modify header information - headers already sent by (output started at C:\xampp\htdocs\DoE_Genesis\DoeEdu\genesis\tutor\partials\header.php:49) in C:\xampp\htdocs\DoE_Genesis\DoeEdu\genesis\common\config.php on line 31
[15-Mar-2026 16:31:36 Europe/Berlin] Error [2]: Undefined variable $activitiesOverallPercent in C:\xampp\htdocs\DoE_Genesis\DoeEdu\genesis\tutor\pages\file.php on line 607
[15-Mar-2026 16:31:36 Europe/Berlin] PHP Warning:  Cannot modify header information - headers already sent by (output started at C:\xampp\htdocs\DoE_Genesis\DoeEdu\genesis\tutor\partials\header.php:49) in C:\xampp\htdocs\DoE_Genesis\DoeEdu\genesis\common\config.php on line 31
[15-Mar-2026 17:15:39 Europe/Berlin] Error [2]: Undefined variable $finalCategory in C:\xampp\htdocs\DoE_Genesis\DoeEdu\genesis\tutor\pages\file.php on line 488
[15-Mar-2026 17:15:39 Europe/Berlin] PHP Warning:  Cannot modify header information - headers already sent by (output started at C:\xampp\htdocs\DoE_Genesis\DoeEdu\genesis\tutor\partials\header.php:49) in C:\xampp\htdocs\DoE_Genesis\DoeEdu\genesis\common\config.php on line 31
